# JRE version: OpenJDK Runtime Environment (8.0_162-b12) (build 1.8.0_162-8u162-b12-1~14.04-b12)
# Java VM: OpenJDK 64-Bit Server VM (25.162-b12 mixed mode linux-amd64 compressed oops)
Heap:
 PSYoungGen      total 34304K, used 0K [0x00000000eb600000, 0x00000000eeb00000, 0x0000000100000000)
  eden space 31744K, 0% used [0x00000000eb600000,0x00000000eb600000,0x00000000ed500000)
  from space 2560K, 0% used [0x00000000ed500000,0x00000000ed500000,0x00000000ed780000)
  to   space 2560K, 0% used [0x00000000ee880000,0x00000000ee880000,0x00000000eeb00000)
 ParOldGen       total 69120K, used 56657K [0x00000000c2200000, 0x00000000c6580000, 0x00000000eb600000)
  object space 69120K, 81% used [0x00000000c2200000,0x00000000c59547c8,0x00000000c6580000)
 Metaspace       used 4322K, capacity 5217K, committed 5376K, reserved 1056768K
  class space    used 444K, capacity 464K, committed 512K, reserved 1048576K
GC Heap History (9 events):
Event: 0.651 GC heap before
{Heap before GC invocations=1 (full 0):
 PSYoungGen      total 18432K, used 15872K [0x00000000eb600000, 0x00000000eca80000, 0x0000000100000000)
  eden space 15872K, 100% used [0x00000000eb600000,0x00000000ec580000,0x00000000ec580000)
  from space 2560K, 0% used [0x00000000ec800000,0x00000000ec800000,0x00000000eca80000)
  to   space 2560K, 0% used [0x00000000ec580000,0x00000000ec580000,0x00000000ec800000)
 ParOldGen       total 42496K, used 0K [0x00000000c2200000, 0x00000000c4b80000, 0x00000000eb600000)
  object space 42496K, 0% used [0x00000000c2200000,0x00000000c2200000,0x00000000c4b80000)
 Metaspace       used 3485K, capacity 4812K, committed 5120K, reserved 1056768K
  class space    used 371K, capacity 428K, committed 512K, reserved 1048576K
Event: 0.673 GC heap after
Heap after GC invocations=1 (full 0):
 PSYoungGen      total 18432K, used 2528K [0x00000000eb600000, 0x00000000eda00000, 0x0000000100000000)
  eden space 15872K, 0% used [0x00000000eb600000,0x00000000eb600000,0x00000000ec580000)
  from space 2560K, 98% used [0x00000000ec580000,0x00000000ec7f8260,0x00000000ec800000)
  to   space 2560K, 0% used [0x00000000ed780000,0x00000000ed780000,0x00000000eda00000)
 ParOldGen       total 42496K, used 11115K [0x00000000c2200000, 0x00000000c4b80000, 0x00000000eb600000)
  object space 42496K, 26% used [0x00000000c2200000,0x00000000c2cdaca0,0x00000000c4b80000)
 Metaspace       used 3485K, capacity 4812K, committed 5120K, reserved 1056768K
  class space    used 371K, capacity 428K, committed 512K, reserved 1048576K
}
Event: 0.694 GC heap before
{Heap before GC invocations=2 (full 0):
 PSYoungGen      total 18432K, used 18400K [0x00000000eb600000, 0x00000000eda00000, 0x0000000100000000)
  eden space 15872K, 100% used [0x00000000eb600000,0x00000000ec580000,0x00000000ec580000)
  from space 2560K, 98% used [0x00000000ec580000,0x00000000ec7f8260,0x00000000ec800000)
  to   space 2560K, 0% used [0x00000000ed780000,0x00000000ed780000,0x00000000eda00000)
 ParOldGen       total 42496K, used 11115K [0x00000000c2200000, 0x00000000c4b80000, 0x00000000eb600000)
  object space 42496K, 26% used [0x00000000c2200000,0x00000000c2cdaca0,0x00000000c4b80000)
 Metaspace       used 3490K, capacity 4812K, committed 5120K, reserved 1056768K
  class space    used 371K, capacity 428K, committed 512K, reserved 1048576K
Event: 0.773 GC heap after
Heap after GC invocations=2 (full 0):
 PSYoungGen      total 34304K, used 2528K [0x00000000eb600000, 0x00000000eda00000, 0x0000000100000000)
  eden space 31744K, 0% used [0x00000000eb600000,0x00000000eb600000,0x00000000ed500000)
  from space 2560K, 98% used [0x00000000ed780000,0x00000000ed9f8260,0x00000000eda00000)
  to   space 2560K, 0% used [0x00000000ed500000,0x00000000ed500000,0x00000000ed780000)
 ParOldGen       total 42496K, used 27043K [0x00000000c2200000, 0x00000000c4b80000, 0x00000000eb600000)
  object space 42496K, 63% used [0x00000000c2200000,0x00000000c3c68ca0,0x00000000c4b80000)
 Metaspace       used 3490K, capacity 4812K, committed 5120K, reserved 1056768K
  class space    used 371K, capacity 428K, committed 512K, reserved 1048576K
}
Event: 0.773 GC heap before
{Heap before GC invocations=3 (full 1):
 PSYoungGen      total 34304K, used 2528K [0x00000000eb600000, 0x00000000eda00000, 0x0000000100000000)
  eden space 31744K, 0% used [0x00000000eb600000,0x00000000eb600000,0x00000000ed500000)
  from space 2560K, 98% used [0x00000000ed780000,0x00000000ed9f8260,0x00000000eda00000)
  to   space 2560K, 0% used [0x00000000ed500000,0x00000000ed500000,0x00000000ed780000)
 ParOldGen       total 42496K, used 27043K [0x00000000c2200000, 0x00000000c4b80000, 0x00000000eb600000)
  object space 42496K, 63% used [0x00000000c2200000,0x00000000c3c68ca0,0x00000000c4b80000)
 Metaspace       used 3490K, capacity 4812K, committed 5120K, reserved 1056768K
  class space    used 371K, capacity 428K, committed 512K, reserved 1048576K
Event: 1.053 GC heap after
Heap after GC invocations=3 (full 1):
 PSYoungGen      total 34304K, used 0K [0x00000000eb600000, 0x00000000eda00000, 0x0000000100000000)
  eden space 31744K, 0% used [0x00000000eb600000,0x00000000eb600000,0x00000000ed500000)
  from space 2560K, 0% used [0x00000000ed780000,0x00000000ed780000,0x00000000eda00000)
  to   space 2560K, 0% used [0x00000000ed500000,0x00000000ed500000,0x00000000ed780000)
 ParOldGen       total 69120K, used 29046K [0x00000000c2200000, 0x00000000c6580000, 0x00000000eb600000)
  object space 69120K, 42% used [0x00000000c2200000,0x00000000c3e5d950,0x00000000c6580000)
 Metaspace       used 3490K, capacity 4812K, committed 5120K, reserved 1056768K
  class space    used 371K, capacity 428K, committed 512K, reserved 1048576K
}
Event: 1.677 GC heap before
{Heap before GC invocations=4 (full 1):
 PSYoungGen      total 34304K, used 31744K [0x00000000eb600000, 0x00000000eda00000, 0x0000000100000000)
  eden space 31744K, 100% used [0x00000000eb600000,0x00000000ed500000,0x00000000ed500000)
  from space 2560K, 0% used [0x00000000ed780000,0x00000000ed780000,0x00000000eda00000)
  to   space 2560K, 0% used [0x00000000ed500000,0x00000000ed500000,0x00000000ed780000)
 ParOldGen       total 69120K, used 29046K [0x00000000c2200000, 0x00000000c6580000, 0x00000000eb600000)
  object space 69120K, 42% used [0x00000000c2200000,0x00000000c3e5d950,0x00000000c6580000)
 Metaspace       used 4322K, capacity 5217K, committed 5376K, reserved 1056768K
  class space    used 444K, capacity 464K, committed 512K, reserved 1048576K
Event: 1.794 GC heap after
Heap after GC invocations=4 (full 1):
 PSYoungGen      total 34304K, used 2560K [0x00000000eb600000, 0x00000000eeb00000, 0x0000000100000000)
  eden space 31744K, 0% used [0x00000000eb600000,0x00000000eb600000,0x00000000ed500000)
  from space 2560K, 100% used [0x00000000ed500000,0x00000000ed780000,0x00000000ed780000)
  to   space 2560K, 0% used [0x00000000ee880000,0x00000000ee880000,0x00000000eeb00000)
 ParOldGen       total 69120K, used 54258K [0x00000000c2200000, 0x00000000c6580000, 0x00000000eb600000)
  object space 69120K, 78% used [0x00000000c2200000,0x00000000c56fc8a0,0x00000000c6580000)
 Metaspace       used 4322K, capacity 5217K, committed 5376K, reserved 1056768K
  class space    used 444K, capacity 464K, committed 512K, reserved 1048576K
}
Event: 1.794 GC heap before
{Heap before GC invocations=5 (full 2):
 PSYoungGen      total 34304K, used 2560K [0x00000000eb600000, 0x00000000eeb00000, 0x0000000100000000)
  eden space 31744K, 0% used [0x00000000eb600000,0x00000000eb600000,0x00000000ed500000)
  from space 2560K, 100% used [0x00000000ed500000,0x00000000ed780000,0x00000000ed780000)
  to   space 2560K, 0% used [0x00000000ee880000,0x00000000ee880000,0x00000000eeb00000)
 ParOldGen       total 69120K, used 54258K [0x00000000c2200000, 0x00000000c6580000, 0x00000000eb600000)
  object space 69120K, 78% used [0x00000000c2200000,0x00000000c56fc8a0,0x00000000c6580000)
 Metaspace       used 4322K, capacity 5217K, committed 5376K, reserved 1056768K
  class space    used 444K, capacity 464K, committed 512K, reserved 1048576K

